<?xml version="1.0" encoding="UTF-8"?>
<!-- Generated by org.testng.reporters.JUnitReportReporter -->
<testsuite hostname="DESKTOP-R1L0ULN" failures="0" tests="1" name="com.avonet.exam_testCases.AddingAndRemovingItems" time="6.348" errors="0" timestamp="2023-01-14T10:28:13 IST" skipped="0">
  <testcase classname="com.avonet.exam_testCases.AddingAndRemovingItems" name="login" time="6.348"/>
  <system-out/>
</testsuite> <!-- com.avonet.exam_testCases.AddingAndRemovingItems -->
