<?xml version="1.0" encoding="UTF-8"?>
<!-- Generated by org.testng.reporters.JUnitReportReporter -->
<testsuite hostname="DESKTOP-R1L0ULN" failures="0" tests="1" name="com.avonet.exam_testCases.AddingAndRemovingItems" time="40.333" errors="0" timestamp="2023-01-13T00:27:47 IST" skipped="0">
  <testcase classname="com.avonet.exam_testCases.AddingAndRemovingItems" name="login" time="40.333"/>
  <system-out/>
</testsuite> <!-- com.avonet.exam_testCases.AddingAndRemovingItems -->
