<?xml version="1.0" encoding="UTF-8"?>
<!-- Generated by org.testng.reporters.JUnitReportReporter -->
<testsuite hostname="DESKTOP-R1L0ULN" failures="0" tests="1" name="com.avonet.exam_testCases.TechnicalAssessment" time="5.522" errors="0" timestamp="2023-01-14T10:34:34 IST" skipped="0">
  <testcase classname="com.avonet.exam_testCases.TechnicalAssessment" name="login" time="5.522"/>
  <system-out/>
</testsuite> <!-- com.avonet.exam_testCases.TechnicalAssessment -->
