<?xml version="1.0" encoding="UTF-8"?>
<!-- Generated by org.testng.reporters.JUnitReportReporter -->
<testsuite hostname="DESKTOP-R1L0ULN" failures="0" tests="1" name="com.avonet.exam_testCases.LoginTestCase" time="5.888" errors="0" timestamp="2023-01-12T21:12:33 IST" skipped="0">
  <testcase classname="com.avonet.exam_testCases.LoginTestCase" name="login" time="5.888"/>
  <system-out/>
</testsuite> <!-- com.avonet.exam_testCases.LoginTestCase -->
