<?xml version="1.0" encoding="UTF-8"?>
<!-- Generated by org.testng.reporters.JUnitReportReporter -->
<testsuite hostname="DESKTOP-R1L0ULN" failures="0" tests="1" name="com.avonet.exam_testCases.Login" time="7.543" errors="0" timestamp="2023-01-12T23:25:47 IST" skipped="0">
  <testcase classname="com.avonet.exam_testCases.Login" name="login" time="7.543"/>
  <system-out/>
</testsuite> <!-- com.avonet.exam_testCases.Login -->
